<?xml version="1.0" encoding="UTF-8"?>
<testng-results ignored="0" total="1" passed="1" failed="0" skipped="0">
  <reporter-output>
  </reporter-output>
  <suite started-at="2026-08-11T15:40:30 IST" name="Surefire suite" finished-at="2026-08-11T15:40:48 IST" duration-ms="17597">
    <groups>
    </groups>
    <test started-at="2026-08-11T15:40:30 IST" name="Surefire test" finished-at="2026-08-11T15:40:48 IST" duration-ms="17597">
      <class name="com.automation.TutorialsNinjaTest">
        <test-method is-config="true" signature="setUp()[pri:0, instance:com.automation.TutorialsNinjaTest@731f8236]" started-at="2026-08-11T15:40:31 IST" name="setUp" finished-at="2026-08-11T15:40:37 IST" duration-ms="6788" status="PASS">
          <reporter-output>
          </reporter-output>
        </test-method> <!-- setUp -->
        <test-method signature="testLoginSearchAddToCartAndLogout()[pri:0, instance:com.automation.TutorialsNinjaTest@731f8236]" started-at="2026-08-11T15:40:37 IST" name="testLoginSearchAddToCartAndLogout" finished-at="2026-08-11T15:40:43 IST" duration-ms="5847" status="PASS">
          <reporter-output>
          </reporter-output>
        </test-method> <!-- testLoginSearchAddToCartAndLogout -->
        <test-method is-config="true" signature="tearDown()[pri:0, instance:com.automation.TutorialsNinjaTest@731f8236]" started-at="2026-08-11T15:40:43 IST" name="tearDown" finished-at="2026-08-11T15:40:48 IST" duration-ms="4927" status="PASS">
          <reporter-output>
          </reporter-output>
        </test-method> <!-- tearDown -->
      </class> <!-- com.automation.TutorialsNinjaTest -->
    </test> <!-- Surefire test -->
  </suite> <!-- Surefire suite -->
</testng-results>
